<?xml version="1.0" encoding="utf-8"?>
<!DOCTYPE coverage SYSTEM "http://cobertura.sourceforge.net/xml/coverage-04.dtd">
<coverage line-rate="0.06949095780308104" branch-rate="0.03074141048824593" lines-covered="415" lines-valid="5972" branches-covered="51" branches-valid="1659" complexity="2161" version="0" timestamp="1611100910">
  <sources />
  <packages>
    <package name="FluentAssertions" line-rate="0.02486678507992895" branch-rate="0" complexity="207">
      <classes>
        <class name="FluentAssertions.AssertionExtensions" filename="z:\Builds\work\b7ceef20fdfcf0ee\Shared\AssertionExtensions.Actions.cs" line-rate="1" branch-rate="1" complexity="1">
          <methods>
            <method name="ShouldThrowExactly" signature="(System.Action,System.String,System.Object[])" line-rate="1" branch-rate="1" complexity="NaN">
              <lines />
            </method>
            <method name="ShouldThrowExactly" signature="(System.Func`1&lt;System.Threading.Tasks.Task&gt;,System.String,System.Object[])" line-rate="1" branch-rate="1" complexity="NaN">
              <lines />
            </method>
            <method name="ShouldThrow" signature="(System.Action,System.String,System.Object[])" line-rate="1" branch-rate="1" complexity="NaN">
              <lines />
            </method>
            <method name="ShouldNotThrow" signature="(System.Action,System.String,System.Object[])" line-rate="1" branch-rate="1" complexity="NaN">
              <lines />
            </method>
            <method name="ShouldNotThrow" signature="(System.Action,System.String,System.Object[])" line-rate="1" branch-rate="1" complexity="NaN">
              <lines />
            </method>
            <method name="ShouldThrow" signature="(System.Func`1&lt;System.Threading.Tasks.Task&gt;,System.String,System.Object[])" line-rate="1" branch-rate="1" complexity="NaN">
              <lines />
            </method>
            <method name="ShouldNotThrow" signature="(System.Func`1&lt;System.Threading.Tasks.Task&gt;,System.String,System.Object[])" line-rate="1" branch-rate="1" complexity="NaN">
              <lines />
            </method>
            <method name="ShouldNotThrow" signature="(System.Func`1&lt;System.Threading.Tasks.Task&gt;,System.String,System.Object[])" line-rate="1" branch-rate="1" complexity="NaN">
              <lines />
            </method>
            <method name=".cctor" signature="()" line-rate="1" branch-rate="1" complexity="1">
              <lines />
            </method>
            <method name="OfType" signature="(System.Exception)" line-rate="1" branch-rate="1" complexity="NaN">
              <lines />
            </method>
            <method name="GetExtractedExceptions" signature="(System.Exception)" line-rate="1" branch-rate="1" complexity="NaN">
              <lines />
            </method>
          </methods>
          <lines />
        </class>
        <class name="FluentAssertions.AssertionExtensions" filename="z:\Builds\work\b7ceef20fdfcf0ee\Shared\AssertionExtensions.cs" line-rate="1" branch-rate="1" complexity="NaN">
          <methods>
            <method name="Invoking" signature="(T,System.Action`1&lt;T&gt;)" line-rate="1" branch-rate="1" complexity="NaN">
              <lines />
            </method>
            <method name="Awaiting" signature="(T,System.Func`2&lt;T,System.Threading.Tasks.Task&gt;)" line-rate="1" branch-rate="1" complexity="NaN">
              <lines />
            </method>
            <method name="ExecutionTimeOf" signature="(T,System.Linq.Expressions.Expression`1&lt;System.Action`1&lt;T&gt;&gt;)" line-rate="1" branch-rate="1" complexity="NaN">
              <lines />
            </method>
            <method name="ExecutionTime" signature="(System.Action)" line-rate="1" branch-rate="1" complexity="NaN">
              <lines />
            </method>
            <method name="Should" signature="(System.Reflection.Assembly)" line-rate="1" branch-rate="1" complexity="NaN">
              <lines />
            </method>
            <method name="Should" signature="(System.Xml.Linq.XDocument)" line-rate="1" branch-rate="1" complexity="NaN">
              <lines />
            </method>
            <method name="Should" signature="(System.Xml.Linq.XElement)" line-rate="1" branch-rate="1" complexity="NaN">
              <lines />
            </method>
            <method name="Should" signature="(System.Xml.Linq.XAttribute)" line-rate="1" branch-rate="1" complexity="NaN">
              <lines />
            </method>
            <method name="Enumerating" signature="(System.Func`1&lt;System.Collections.IEnumerable&gt;)" line-rate="1" branch-rate="1" complexity="NaN">
              <lines />
            </method>
            <method name="Enumerating" signature="(System.Func`1&lt;System.Collections.Generic.IEnumerable`1&lt;T&gt;&gt;)" line-rate="1" branch-rate="1" complexity="NaN">
              <lines />
            </method>
            <method name="ForceEnumeration" signature="(System.Func`1&lt;System.Collections.IEnumerable&gt;)" line-rate="1" branch-rate="1" complexity="NaN">
              <lines />
            </method>
            <method name="Should" signature="(System.Object)" line-rate="1" branch-rate="1" complexity="NaN">
              <lines />
            </method>
            <method name="Should" signature="(System.Boolean)" line-rate="1" branch-rate="1" complexity="NaN">
              <lines />
            </method>
            <method name="Should" signature="(System.Nullable`1&lt;System.Boolean&gt;)" line-rate="1" branch-rate="1" complexity="NaN">
              <lines />
            </method>
            <method name="Should" signature="(System.Guid)" line-rate="1" branch-rate="1" complexity="NaN">
              <lines />
            </method>
            <method name="Should" signature="(System.Nullable`1&lt;System.Guid&gt;)" line-rate="1" branch-rate="1" complexity="NaN">
              <lines />
            </method>
            <method name="Should" signature="(System.Collections.IEnumerable)" line-rate="1" branch-rate="1" complexity="NaN">
              <lines />
            </method>
            <method name="Should" signature="(System.Collections.Generic.IEnumerable`1&lt;T&gt;)" line-rate="1" branch-rate="1" complexity="NaN">
              <lines />
            </method>
            <method name="Should" signature="(System.Collections.Generic.IEnumerable`1&lt;System.String&gt;)" line-rate="1" branch-rate="1" complexity="NaN">
              <lines />
            </method>
            <method name="Should" signature="(System.Collections.Generic.IDictionary`2&lt;TKey,TValue&gt;)" line-rate="1" branch-rate="1" complexity="NaN">
              <lines />
            </method>
            <method name="Should" signature="(System.DateTime)" line-rate="1" branch-rate="1" complexity="NaN">
              <lines />
            </method>
            <method name="Should" signature="(System.DateTimeOffset)" line-rate="1" branch-rate="1" complexity="NaN">
              <lines />
            </method>
            <method name="Should" signature="(System.Nullable`1&lt;System.DateTime&gt;)" line-rate="1" branch-rate="1" complexity="NaN">
              <lines />
            </method>
            <method name="Should" signature="(System.Nullable`1&lt;System.DateTimeOffset&gt;)" line-rate="1" branch-rate="1" complexity="NaN">
              <lines />
            </method>
            <method name="Should" signature="(System.IComparable`1&lt;T&gt;)" line-rate="1" branch-rate="1" complexity="NaN">
              <lines />
            </method>
            <method name="Should" signature="(System.Int32)" line-rate="1" branch-rate="1" complexity="NaN">
              <lines />
            </method>
            <method name="Should" signature="(System.Nullable`1&lt;System.Int32&gt;)" line-rate="1" branch-rate="1" complexity="NaN">
              <lines />
            </method>
            <method name="Should" signature="(System.Decimal)" line-rate="1" branch-rate="1" complexity="NaN">
              <lines />
            </method>
            <method name="Should" signature="(System.Nullable`1&lt;System.Decimal&gt;)" line-rate="1" branch-rate="1" complexity="NaN">
              <lines />
            </method>
            <method name="Should" signature="(System.Byte)" line-rate="1" branch-rate="1" complexity="NaN">
              <lines />
            </method>
            <method name="Should" signature="(System.Nullable`1&lt;System.Byte&gt;)" line-rate="1" branch-rate="1" complexity="NaN">
              <lines />
            </method>
            <method name="Should" signature="(System.Int16)" line-rate="1" branch-rate="1" complexity="NaN">
              <lines />
            </method>
            <method name="Should" signature="(System.Nullable`1&lt;System.Int16&gt;)" line-rate="1" branch-rate="1" complexity="NaN">
              <lines />
            </method>
            <method name="Should" signature="(System.Int64)" line-rate="1" branch-rate="1" complexity="NaN">
              <lines />
            </method>
            <method name="Should" signature="(System.Nullable`1&lt;System.Int64&gt;)" line-rate="1" branch-rate="1" complexity="NaN">
              <lines />
            </method>
            <method name="Should" signature="(System.Single)" line-rate="1" branch-rate="1" complexity="NaN">
              <lines />
            </method>
            <method name="Should" signature="(System.Nullable`1&lt;System.Single&gt;)" line-rate="1" branch-rate="1" complexity="NaN">
              <lines />
            </method>
            <method name="Should" signature="(System.Double)" line-rate="1" branch-rate="1" complexity="NaN">
              <lines />
            </method>
            <method name="Should" signature="(System.Nullable`1&lt;System.Double&gt;)" line-rate="1" branch-rate="1" complexity="NaN">
              <lines />
            </method>
            <method name="Should" signature="(System.String)" line-rate="1" branch-rate="1" complexity="NaN">
              <lines />
            </method>
            <method name="Should" signature="(System.TimeSpan)" line-rate="1" branch-rate="1" complexity="NaN">
              <lines />
            </method>
            <method name="Should" signature="(System.Nullable`1&lt;System.TimeSpan&gt;)" line-rate="1" branch-rate="1" complexity="NaN">
              <lines />
            </method>
            <method name="Should" signature="(System.Type)" line-rate="1" branch-rate="1" complexity="NaN">
              <lines />
            </method>
            <method name="Should" signature="(FluentAssertions.Types.TypeSelector)" line-rate="1" branch-rate="1" complexity="NaN">
              <lines />
            </method>
            <method name="Should" signature="(System.Reflection.MethodInfo)" line-rate="1" branch-rate="1" complexity="NaN">
              <lines />
            </method>
            <method name="Should" signature="(FluentAssertions.Types.MethodInfoSelector)" line-rate="1" branch-rate="1" complexity="NaN">
              <lines />
            </method>
            <method name="Should" signature="(System.Reflection.PropertyInfo)" line-rate="1" branch-rate="1" complexity="NaN">
              <lines />
            </method>
            <method name="Should" signature="(FluentAssertions.Types.PropertyInfoSelector)" line-rate="1" branch-rate="1" complexity="NaN">
              <lines />
            </method>
            <method name="ShouldBeEquivalentTo" signature="(T,System.Object,System.String,System.Object[])" line-rate="1" branch-rate="1" complexity="NaN">
              <lines />
            </method>
            <method name="ShouldBeEquivalentTo" signature="(T,System.Object,System.Func`2&lt;FluentAssertions.Equivalency.EquivalencyAssertionOptions`1&lt;T&gt;,FluentAssertions.Equivalency.EquivalencyAssertionOptions`1&lt;T&gt;&gt;,System.String,System.Object[])" line-rate="1" branch-rate="1" complexity="NaN">
              <lines />
            </method>
            <method name="ShouldAllBeEquivalentTo" signature="(System.Collections.Generic.IEnumerable`1&lt;T&gt;,System.Collections.IEnumerable,System.String,System.Object[])" line-rate="1" branch-rate="1" complexity="NaN">
              <lines />
            </method>
            <method name="ShouldAllBeEquivalentTo" signature="(System.Collections.Generic.IEnumerable`1&lt;T&gt;,System.Collections.IEnumerable,System.Func`2&lt;FluentAssertions.Equivalency.EquivalencyAssertionOptions`1&lt;T&gt;,FluentAssertions.Equivalency.EquivalencyAssertionOptions`1&lt;T&gt;&gt;,System.String,System.Object[])" line-rate="1" branch-rate="1" complexity="NaN">
              <lines />
            </method>
            <method name="MonitorEvents" signature="(System.Object)" line-rate="1" branch-rate="1" complexity="NaN">
              <lines />
            </method>
            <method name="BuildRecorders" signature="(System.Object)" line-rate="1" branch-rate="1" complexity="NaN">
              <lines />
            </method>
            <method name="CreateEventHandler" signature="(System.Object,System.Reflection.EventInfo)" line-rate="1" branch-rate="1" complexity="NaN">
              <lines />
            </method>
            <method name="As" signature="(System.Object)" line-rate="1" branch-rate="1" complexity="NaN">
              <lines />
            </method>
          </methods>
          <lines />
        </class>
        <class name="FluentAssertions.Common.AppSettingsConfigurationStore" filename="z:\Builds\work\b7ceef20fdfcf0ee\FluentAssertions.Net40\Common\AppSettingsConfigurationStore.cs" line-rate="1" branch-rate="1" complexity="NaN">
          <methods>
            <method name="GetSetting" signature="(System.String)" line-rate="1" branch-rate="1" complexity="NaN">
              <lines />
            </method>
          </methods>
          <lines />
        </class>
        <class name="FluentAssertions.Common.DefaultReflector" filename="z:\Builds\work\b7ceef20fdfcf0ee\FluentAssertions.Net40\Common\DefaultReflectionProvider.cs" line-rate="1" branch-rate="1" complexity="NaN">
          <methods>
            <method name="GetAllTypesFromAppDomain" signature="(System.Func`2&lt;System.Reflection.Assembly,System.Boolean&gt;)" line-rate="1" branch-rate="1" complexity="NaN">
              <lines />
            </method>
            <method name="IsDynamic" signature="(System.Reflection.Assembly)" line-rate="1" branch-rate="1" complexity="NaN">
              <lines />
            </method>
            <method name="GetExportedTypes" signature="(System.Reflection.Assembly)" line-rate="1" branch-rate="1" complexity="NaN">
              <lines />
            </method>
          </methods>
          <lines />
        </class>
        <class name="FluentAssertions.Common.ProvidePlatformServices" filename="z:\Builds\work\b7ceef20fdfcf0ee\FluentAssertions.Net40\Common\ProvidePlatformServices.cs" line-rate="1" branch-rate="1" complexity="NaN">
          <methods>
            <method name="Throw" signature="()" line-rate="1" branch-rate="1" complexity="NaN">
              <lines />
            </method>
            <method name="ConfigurationStore" signature="()" line-rate="1" branch-rate="1" complexity="NaN">
              <lines />
            </method>
            <method name="Reflector" signature="()" line-rate="1" branch-rate="1" complexity="NaN">
              <lines />
            </method>
            <method name="Formatters" signature="()" line-rate="1" branch-rate="1" complexity="NaN">
              <lines />
            </method>
          </methods>
          <lines />
        </class>
        <class name="FluentAssertions.Events.EventHandlerFactory" filename="z:\Builds\work\b7ceef20fdfcf0ee\Shared\Events\EventHandlerFactory.cs" line-rate="1" branch-rate="1" complexity="NaN">
          <methods>
            <method name="GenerateHandler" signature="(System.Type,FluentAssertions.Events.IEventRecorder)" line-rate="1" branch-rate="1" complexity="NaN">
              <lines />
            </method>
            <method name="GetDelegateReturnType" signature="(System.Type)" line-rate="1" branch-rate="1" complexity="NaN">
              <lines />
            </method>
            <method name="GetDelegateParameterTypes" signature="(System.Type)" line-rate="1" branch-rate="1" complexity="NaN">
              <lines />
            </method>
            <method name="AppendParameterListThisReference" signature="(System.Type[])" line-rate="1" branch-rate="1" complexity="NaN">
              <lines />
            </method>
            <method name="TypeIsDelegate" signature="(System.Type)" line-rate="1" branch-rate="1" complexity="NaN">
              <lines />
            </method>
            <method name="DelegateInvokeMethod" signature="(System.Type)" line-rate="1" branch-rate="1" complexity="NaN">
              <lines />
            </method>
          </methods>
          <lines />
        </class>
        <class name="FluentAssertions.EventSourceExtensions" filename="z:\Builds\work\b7ceef20fdfcf0ee\FluentAssertions.Net40\EventSourceExtensions.cs" line-rate="1" branch-rate="1" complexity="NaN">
          <methods>
            <method name="ShouldRaise" signature="(System.Object,System.String)" line-rate="1" branch-rate="1" complexity="NaN">
              <lines />
            </method>
            <method name="ShouldRaise" signature="(System.Object,System.String,System.String,System.Object[])" line-rate="1" branch-rate="1" complexity="NaN">
              <lines />
            </method>
            <method name="ShouldNotRaise" signature="(System.Object,System.String)" line-rate="1" branch-rate="1" complexity="NaN">
              <lines />
            </method>
            <method name="ShouldNotRaise" signature="(System.Object,System.String,System.String,System.Object[])" line-rate="1" branch-rate="1" complexity="NaN">
              <lines />
            </method>
          </methods>
          <lines />
        </class>
        <class name="FluentAssertions.Execution.AssertionFailedException" filename="z:\Builds\work\b7ceef20fdfcf0ee\Shared\Execution\AssertionFailedException.cs" line-rate="1" branch-rate="1" complexity="NaN">
          <methods>
            <method name=".ctor" signature="(System.String)" line-rate="1" branch-rate="1" complexity="NaN">
              <lines />
            </method>
          </methods>
          <lines />
        </class>
        <class name="FluentAssertions.Execution.FallbackTestFramework" filename="z:\Builds\work\b7ceef20fdfcf0ee\Shared\Execution\FallbackTestFramework.cs" line-rate="1" branch-rate="1" complexity="NaN">
          <methods>
            <method name="IsAvailable" signature="()" line-rate="1" branch-rate="1" complexity="NaN">
              <lines />
            </method>
            <method name="Throw" signature="(System.String)" line-rate="1" branch-rate="1" complexity="NaN">
              <lines />
            </method>
          </methods>
          <lines />
        </class>
        <class name="FluentAssertions.Execution.GallioTestFramework" filename="z:\Builds\work\b7ceef20fdfcf0ee\FluentAssertions.Net40\Execution\GallioTestFramework.cs" line-rate="1" branch-rate="1" complexity="NaN">
          <methods>
            <method name="IsAvailable" signature="()" line-rate="1" branch-rate="1" complexity="NaN">
              <lines />
            </method>
            <method name="AssemblyName" signature="()" line-rate="1" branch-rate="1" complexity="NaN">
              <lines />
            </method>
            <method name="Throw" signature="(System.String)" line-rate="1" branch-rate="1" complexity="NaN">
              <lines />
            </method>
          </methods>
          <lines />
        </class>
        <class name="FluentAssertions.Execution.LateBoundTestFramework" filename="z:\Builds\work\b7ceef20fdfcf0ee\Shared\Execution\LateBoundTestFramework.cs" line-rate="1" branch-rate="1" complexity="NaN">
          <methods>
            <method name="IsAvailable" signature="()" line-rate="1" branch-rate="1" complexity="NaN">
              <lines />
            </method>
            <method name="Throw" signature="(System.String)" line-rate="1" branch-rate="1" complexity="NaN">
              <lines />
            </method>
          </methods>
          <lines />
        </class>
        <class name="FluentAssertions.Execution.MbUnitTestFramework" filename="z:\Builds\work\b7ceef20fdfcf0ee\FluentAssertions.Net40\Execution\MbUnitTestFramework.cs" line-rate="1" branch-rate="1" complexity="NaN">
          <methods>
            <method name="AssemblyName" signature="()" line-rate="1" branch-rate="1" complexity="NaN">
              <lines />
            </method>
            <method name="ExceptionFullName" signature="()" line-rate="1" branch-rate="1" complexity="NaN">
              <lines />
            </method>
          </methods>
          <lines />
        </class>
        <class name="FluentAssertions.Execution.MSpecFramework" filename="z:\Builds\work\b7ceef20fdfcf0ee\FluentAssertions.Net40\Execution\MSpecFramework.cs" line-rate="1" branch-rate="1" complexity="NaN">
          <methods>
            <method name="AssemblyName" signature="()" line-rate="1" branch-rate="1" complexity="NaN">
              <lines />
            </method>
            <method name="ExceptionFullName" signature="()" line-rate="1" branch-rate="1" complexity="NaN">
              <lines />
            </method>
          </methods>
          <lines />
        </class>
        <class name="FluentAssertions.Execution.MSTestFramework" filename="z:\Builds\work\b7ceef20fdfcf0ee\FluentAssertions.Net40\Execution\MSTestFramework.cs" line-rate="1" branch-rate="1" complexity="NaN">
          <methods>
            <method name="ExceptionFullName" signature="()" line-rate="1" branch-rate="1" complexity="NaN">
              <lines />
            </method>
            <method name="AssemblyName" signature="()" line-rate="1" branch-rate="1" complexity="NaN">
              <lines />
            </method>
          </methods>
          <lines />
        </class>
        <class name="FluentAssertions.Execution.NUnitTestFramework" filename="z:\Builds\work\b7ceef20fdfcf0ee\FluentAssertions.Net40\Execution\NUnitTestFramework.cs" line-rate="1" branch-rate="1" complexity="NaN">
          <methods>
            <method name="AssemblyName" signature="()" line-rate="1" branch-rate="1" complexity="NaN">
              <lines />
            </method>
            <method name="ExceptionFullName" signature="()" line-rate="1" branch-rate="1" complexity="NaN">
              <lines />
            </method>
          </methods>
          <lines />
        </class>
        <class name="FluentAssertions.Execution.TestFrameworkProvider" filename="z:\Builds\work\b7ceef20fdfcf0ee\FluentAssertions.Net40\Execution\TestFrameworkProvider.cs" line-rate="1" branch-rate="1" complexity="11">
          <methods>
            <method name="Throw" signature="(System.String)" line-rate="1" branch-rate="1" complexity="NaN">
              <lines />
            </method>
            <method name="DetectFramework" signature="()" line-rate="1" branch-rate="1" complexity="3">
              <lines />
            </method>
            <method name="FailWithIncorrectConfiguration" signature="()" line-rate="1" branch-rate="1" complexity="1">
              <lines />
            </method>
            <method name="AttemptToDetectUsingAppSetting" signature="()" line-rate="1" branch-rate="1" complexity="4">
              <lines />
            </method>
            <method name="AttemptToDetectUsingAssemblyScanning" signature="()" line-rate="1" branch-rate="1" complexity="2">
              <lines />
            </method>
            <method name=".cctor" signature="()" line-rate="1" branch-rate="1" complexity="1">
              <lines />
            </method>
          </methods>
          <lines />
        </class>
        <class name="FluentAssertions.Execution.XUnit2TestFramework" filename="z:\Builds\work\b7ceef20fdfcf0ee\FluentAssertions.Net45\Execution\XUnit2TestFramework.cs" line-rate="1" branch-rate="1" complexity="NaN">
          <methods>
            <method name="AssemblyName" signature="()" line-rate="1" branch-rate="1" complexity="NaN">
              <lines />
            </method>
            <method name="ExceptionFullName" signature="()" line-rate="1" branch-rate="1" complexity="NaN">
              <lines />
            </method>
          </methods>
          <lines />
        </class>
        <class name="FluentAssertions.Execution.XUnitTestFramework" filename="z:\Builds\work\b7ceef20fdfcf0ee\FluentAssertions.Net40\Execution\XUnitTestFramework.cs" line-rate="1" branch-rate="1" complexity="NaN">
          <methods>
            <method name="AssemblyName" signature="()" line-rate="1" branch-rate="1" complexity="NaN">
              <lines />
            </method>
            <method name="ExceptionFullName" signature="()" line-rate="1" branch-rate="1" complexity="NaN">
              <lines />
            </method>
          </methods>
          <lines />
        </class>
        <class name="FluentAssertions.Formatting.XAttributeValueFormatter" filename="z:\Builds\work\b7ceef20fdfcf0ee\Shared\Formatting\XAttributeValueFormatter.cs" line-rate="1" branch-rate="1" complexity="NaN">
          <methods>
            <method name="CanHandle" signature="(System.Object)" line-rate="1" branch-rate="1" complexity="NaN">
              <lines />
            </method>
            <method name="ToString" signature="(System.Object,System.Boolean,System.Collections.Generic.IList`1&lt;System.Object&gt;,System.Int32)" line-rate="1" branch-rate="1" complexity="NaN">
              <lines />
            </method>
          </methods>
          <lines />
        </class>
        <class name="FluentAssertions.Formatting.XDocumentValueFormatter" filename="z:\Builds\work\b7ceef20fdfcf0ee\Shared\Formatting\XDocumentValueFormatter.cs" line-rate="1" branch-rate="1" complexity="1">
          <methods>
            <method name="CanHandle" signature="(System.Object)" line-rate="1" branch-rate="1" complexity="NaN">
              <lines />
            </method>
            <method name="ToString" signature="(System.Object,System.Boolean,System.Collections.Generic.IList`1&lt;System.Object&gt;,System.Int32)" line-rate="1" branch-rate="1" complexity="NaN">
              <lines />
            </method>
            <method name="FormatDocumentWithRoot" signature="(System.Xml.Linq.XDocument)" line-rate="1" branch-rate="1" complexity="NaN">
              <lines />
            </method>
            <method name="FormatDocumentWithoutRoot" signature="()" line-rate="1" branch-rate="1" complexity="1">
              <lines />
            </method>
          </methods>
          <lines />
        </class>
        <class name="FluentAssertions.Formatting.XElementValueFormatter" filename="z:\Builds\work\b7ceef20fdfcf0ee\Shared\Formatting\XElementValueFormatter.cs" line-rate="1" branch-rate="1" complexity="NaN">
          <methods>
            <method name="CanHandle" signature="(System.Object)" line-rate="1" branch-rate="1" complexity="NaN">
              <lines />
            </method>
            <method name="ToString" signature="(System.Object,System.Boolean,System.Collections.Generic.IList`1&lt;System.Object&gt;,System.Int32)" line-rate="1" branch-rate="1" complexity="NaN">
              <lines />
            </method>
            <method name="FormatElementWithoutChildren" signature="(System.Xml.Linq.XElement)" line-rate="1" branch-rate="1" complexity="NaN">
              <lines />
            </method>
            <method name="FormatElementWithChildren" signature="(System.Xml.Linq.XElement)" line-rate="1" branch-rate="1" complexity="NaN">
              <lines />
            </method>
            <method name="SplitIntoSeparateLines" signature="(System.Xml.Linq.XElement)" line-rate="1" branch-rate="1" complexity="NaN">
              <lines />
            </method>
          </methods>
          <lines />
        </class>
        <class name="FluentAssertions.ObjectAssertionsExtensions" filename="z:\Builds\work\b7ceef20fdfcf0ee\FluentAssertions.Net40\ObjectAssertionsExtensions.cs" line-rate="1" branch-rate="1" complexity="NaN">
          <methods>
            <method name="BeBinarySerializable" signature="(FluentAssertions.Primitives.ObjectAssertions,System.String,System.Object[])" line-rate="1" branch-rate="1" complexity="NaN">
              <lines />
            </method>
            <method name="BeBinarySerializable" signature="(FluentAssertions.Primitives.ObjectAssertions,System.Func`2&lt;FluentAssertions.Equivalency.EquivalencyAssertionOptions`1&lt;T&gt;,FluentAssertions.Equivalency.EquivalencyAssertionOptions`1&lt;T&gt;&gt;,System.String,System.Object[])" line-rate="1" branch-rate="1" complexity="NaN">
              <lines />
            </method>
            <method name="CreateCloneUsingBinarySerializer" signature="(System.Object)" line-rate="1" branch-rate="1" complexity="NaN">
              <lines />
            </method>
            <method name="BeXmlSerializable" signature="(FluentAssertions.Primitives.ObjectAssertions,System.String,System.Object[])" line-rate="1" branch-rate="1" complexity="NaN">
              <lines />
            </method>
            <method name="CreateCloneUsingXmlSerializer" signature="(System.Object)" line-rate="1" branch-rate="1" complexity="NaN">
              <lines />
            </method>
          </methods>
          <lines />
        </class>
        <class name="FluentAssertions.Reflection.AssemblyAssertions" filename="z:\Builds\work\b7ceef20fdfcf0ee\Shared\Specialized\AssemblyAssertions.cs" line-rate="1" branch-rate="1" complexity="NaN">
          <methods>
            <method name=".ctor" signature="(System.Reflection.Assembly)" line-rate="1" branch-rate="1" complexity="NaN">
              <lines />
            </method>
            <method name="NotReference" signature="(System.Reflection.Assembly)" line-rate="1" branch-rate="1" complexity="NaN">
              <lines />
            </method>
            <method name="NotReference" signature="(System.Reflection.Assembly,System.String,System.String[])" line-rate="1" branch-rate="1" complexity="NaN">
              <lines />
            </method>
            <method name="Reference" signature="(System.Reflection.Assembly)" line-rate="1" branch-rate="1" complexity="NaN">
              <lines />
            </method>
            <method name="Reference" signature="(System.Reflection.Assembly,System.String,System.String[])" line-rate="1" branch-rate="1" complexity="NaN">
              <lines />
            </method>
          </methods>
          <lines />
        </class>
        <class name="FluentAssertions.Specialized.ExecutionTimeAssertions" filename="z:\Builds\work\b7ceef20fdfcf0ee\Shared\Specialized\ExecutionTimeAssertions.cs" line-rate="1" branch-rate="1" complexity="NaN">
          <methods>
            <method name=".ctor" signature="(System.Action)" line-rate="1" branch-rate="1" complexity="NaN">
              <lines />
            </method>
            <method name="ShouldNotExceed" signature="(System.TimeSpan,System.String,System.Object[])" line-rate="1" branch-rate="1" complexity="NaN">
              <lines />
            </method>
          </methods>
          <lines />
        </class>
        <class name="FluentAssertions.Specialized.MemberExecutionTimeAssertions`1" filename="z:\Builds\work\b7ceef20fdfcf0ee\Shared\Specialized\ExecutionTimeAssertions.cs" line-rate="1" branch-rate="1" complexity="NaN">
          <methods>
            <method name=".ctor" signature="(T,System.Linq.Expressions.Expression`1&lt;System.Action`1&lt;T&gt;&gt;)" line-rate="1" branch-rate="1" complexity="NaN">
              <lines />
            </method>
          </methods>
          <lines />
        </class>
        <class name="FluentAssertions.Xml.XAttributeAssertions" filename="z:\Builds\work\b7ceef20fdfcf0ee\Shared\Xml\XAttributeAssertions.cs" line-rate="1" branch-rate="1" complexity="NaN">
          <methods>
            <method name="Context" signature="()" line-rate="1" branch-rate="1" complexity="NaN">
              <lines />
            </method>
            <method name=".ctor" signature="(System.Xml.Linq.XAttribute)" line-rate="1" branch-rate="1" complexity="NaN">
              <lines />
            </method>
            <method name="Be" signature="(System.Xml.Linq.XAttribute)" line-rate="1" branch-rate="1" complexity="NaN">
              <lines />
            </method>
            <method name="Be" signature="(System.Xml.Linq.XAttribute,System.String,System.Object[])" line-rate="1" branch-rate="1" complexity="NaN">
              <lines />
            </method>
            <method name="NotBe" signature="(System.Xml.Linq.XAttribute)" line-rate="1" branch-rate="1" complexity="NaN">
              <lines />
            </method>
            <method name="NotBe" signature="(System.Xml.Linq.XAttribute,System.String,System.Object[])" line-rate="1" branch-rate="1" complexity="NaN">
              <lines />
            </method>
            <method name="HaveValue" signature="(System.String)" line-rate="1" branch-rate="1" complexity="NaN">
              <lines />
            </method>
            <method name="HaveValue" signature="(System.String,System.String,System.Object[])" line-rate="1" branch-rate="1" complexity="NaN">
              <lines />
            </method>
          </methods>
          <lines />
        </class>
        <class name="FluentAssertions.Xml.XDocumentAssertions" filename="z:\Builds\work\b7ceef20fdfcf0ee\Shared\Xml\XDocumentAssertions.cs" line-rate="1" branch-rate="1" complexity="NaN">
          <methods>
            <method name="Context" signature="()" line-rate="1" branch-rate="1" complexity="NaN">
              <lines />
            </method>
            <method name=".ctor" signature="(System.Xml.Linq.XDocument)" line-rate="1" branch-rate="1" complexity="NaN">
              <lines />
            </method>
            <method name="Be" signature="(System.Xml.Linq.XDocument)" line-rate="1" branch-rate="1" complexity="NaN">
              <lines />
            </method>
            <method name="Be" signature="(System.Xml.Linq.XDocument,System.String,System.Object[])" line-rate="1" branch-rate="1" complexity="NaN">
              <lines />
            </method>
            <method name="NotBe" signature="(System.Xml.Linq.XDocument)" line-rate="1" branch-rate="1" complexity="NaN">
              <lines />
            </method>
            <method name="NotBe" signature="(System.Xml.Linq.XDocument,System.String,System.Object[])" line-rate="1" branch-rate="1" complexity="NaN">
              <lines />
            </method>
            <method name="BeEquivalentTo" signature="(System.Xml.Linq.XDocument)" line-rate="1" branch-rate="1" complexity="NaN">
              <lines />
            </method>
            <method name="BeEquivalentTo" signature="(System.Xml.Linq.XDocument,System.String,System.Object[])" line-rate="1" branch-rate="1" complexity="NaN">
              <lines />
            </method>
            <method name="NotBeEquivalentTo" signature="(System.Xml.Linq.XDocument)" line-rate="1" branch-rate="1" complexity="NaN">
              <lines />
            </method>
            <method name="NotBeEquivalentTo" signature="(System.Xml.Linq.XDocument,System.String,System.Object[])" line-rate="1" branch-rate="1" complexity="NaN">
              <lines />
            </method>
            <method name="HaveRoot" signature="(System.String)" line-rate="1" branch-rate="1" complexity="NaN">
              <lines />
            </method>
            <method name="HaveRoot" signature="(System.Xml.Linq.XName)" line-rate="1" branch-rate="1" complexity="NaN">
              <lines />
            </method>
            <method name="HaveRoot" signature="(System.String,System.String,System.Object[])" line-rate="1" branch-rate="1" complexity="NaN">
              <lines />
            </method>
            <method name="HaveRoot" signature="(System.Xml.Linq.XName,System.String,System.Object[])" line-rate="1" branch-rate="1" complexity="NaN">
              <lines />
            </method>
            <method name="HaveElement" signature="(System.String)" line-rate="1" branch-rate="1" complexity="NaN">
              <lines />
            </method>
            <method name="HaveElement" signature="(System.Xml.Linq.XName)" line-rate="1" branch-rate="1" complexity="NaN">
              <lines />
            </method>
            <method name="HaveElement" signature="(System.String,System.String,System.Object[])" line-rate="1" branch-rate="1" complexity="NaN">
              <lines />
            </method>
            <method name="HaveElement" signature="(System.Xml.Linq.XName,System.String,System.Object[])" line-rate="1" branch-rate="1" complexity="NaN">
              <lines />
            </method>
          </methods>
          <lines />
        </class>
        <class name="FluentAssertions.Xml.XElementAssertions" filename="z:\Builds\work\b7ceef20fdfcf0ee\Shared\Xml\XElementAssertions.cs" line-rate="1" branch-rate="1" complexity="NaN">
          <methods>
            <method name="Context" signature="()" line-rate="1" branch-rate="1" complexity="NaN">
              <lines />
            </method>
            <method name=".ctor" signature="(System.Xml.Linq.XElement)" line-rate="1" branch-rate="1" complexity="NaN">
              <lines />
            </method>
            <method name="Be" signature="(System.Xml.Linq.XElement)" line-rate="1" branch-rate="1" complexity="NaN">
              <lines />
            </method>
            <method name="Be" signature="(System.Xml.Linq.XElement,System.String,System.Object[])" line-rate="1" branch-rate="1" complexity="NaN">
              <lines />
            </method>
            <method name="NotBe" signature="(System.Xml.Linq.XElement)" line-rate="1" branch-rate="1" complexity="NaN">
              <lines />
            </method>
            <method name="NotBe" signature="(System.Xml.Linq.XElement,System.String,System.Object[])" line-rate="1" branch-rate="1" complexity="NaN">
              <lines />
            </method>
            <method name="BeEquivalentTo" signature="(System.Xml.Linq.XElement)" line-rate="1" branch-rate="1" complexity="NaN">
              <lines />
            </method>
            <method name="BeEquivalentTo" signature="(System.Xml.Linq.XElement,System.String,System.Object[])" line-rate="1" branch-rate="1" complexity="NaN">
              <lines />
            </method>
            <method name="NotBeEquivalentTo" signature="(System.Xml.Linq.XElement)" line-rate="1" branch-rate="1" complexity="NaN">
              <lines />
            </method>
            <method name="NotBeEquivalentTo" signature="(System.Xml.Linq.XElement,System.String,System.Object[])" line-rate="1" branch-rate="1" complexity="NaN">
              <lines />
            </method>
            <method name="HaveValue" signature="(System.String)" line-rate="1" branch-rate="1" complexity="NaN">
              <lines />
            </method>
            <method name="HaveValue" signature="(System.String,System.String,System.Object[])" line-rate="1" branch-rate="1" complexity="NaN">
              <lines />
            </method>
            <method name="HaveAttribute" signature="(System.String,System.String)" line-rate="1" branch-rate="1" complexity="NaN">
              <lines />
            </method>
            <method name="HaveAttribute" signature="(System.Xml.Linq.XName,System.String)" line-rate="1" branch-rate="1" complexity="NaN">
              <lines />
            </method>
            <method name="HaveAttribute" signature="(System.String,System.String,System.String,System.Object[])" line-rate="1" branch-rate="1" complexity="NaN">
              <lines />
            </method>
            <method name="HaveAttribute" signature="(System.Xml.Linq.XName,System.String,System.String,System.Object[])" line-rate="1" branch-rate="1" complexity="NaN">
              <lines />
            </method>
            <method name="HaveElement" signature="(System.String)" line-rate="1" branch-rate="1" complexity="NaN">
              <lines />
            </method>
            <method name="HaveElement" signature="(System.Xml.Linq.XName)" line-rate="1" branch-rate="1" complexity="NaN">
              <lines />
            </method>
            <method name="HaveElement" signature="(System.String,System.String,System.Object[])" line-rate="1" branch-rate="1" complexity="NaN">
              <lines />
            </method>
            <method name="HaveElement" signature="(System.Xml.Linq.XName,System.String,System.Object[])" line-rate="1" branch-rate="1" complexity="NaN">
              <lines />
            </method>
          </methods>
          <lines />
        </class>
      </classes>
    </package>
    <package name="FluentAssertions.Core" line-rate="0.05230693313594868" branch-rate="0.031914893617021274" complexity="1540">
      <classes>
        <class name="FluentAssertions.AndConstraint`1" filename="z:\Builds\work\b7ceef20fdfcf0ee\FluentAssertions.Core\AndConstraint.cs" line-rate="1" branch-rate="1" complexity="NaN">
          <methods>
            <method name="And" signature="()" line-rate="1" branch-rate="1" complexity="NaN">
              <lines />
            </method>
            <method name=".ctor" signature="(T)" line-rate="1" branch-rate="1" complexity="NaN">
              <lines />
            </method>
          </methods>
          <lines />
        </class>
        <class name="FluentAssertions.AndWhichConstraint`2" filename="z:\Builds\work\b7ceef20fdfcf0ee\FluentAssertions.Core\AndWhichConstraint.cs" line-rate="1" branch-rate="1" complexity="NaN">
          <methods>
            <method name="Which" signature="()" line-rate="1" branch-rate="1" complexity="NaN">
              <lines />
            </method>
            <method name=".ctor" signature="(TParentConstraint,TMatchedElement)" line-rate="1" branch-rate="1" complexity="NaN">
              <lines />
            </method>
            <method name=".ctor" signature="(TParentConstraint,System.Collections.Generic.IEnumerable`1&lt;TMatchedElement&gt;)" line-rate="1" branch-rate="1" complexity="NaN">
              <lines />
            </method>
            <method name="SingleOrDefault" signature="(System.Collections.Generic.IEnumerable`1&lt;TMatchedElement&gt;)" line-rate="1" branch-rate="1" complexity="NaN">
              <lines />
            </method>
          </methods>
          <lines />
        </class>
        <class name="FluentAssertions.AssertionOptions" filename="z:\Builds\work\b7ceef20fdfcf0ee\FluentAssertions.Core\AssertionOptions.cs" line-rate="1" branch-rate="1" complexity="3">
          <methods>
            <method name=".cctor" signature="()" line-rate="1" branch-rate="1" complexity="2">
              <lines />
            </method>
            <method name="CloneDefaults" signature="()" line-rate="1" branch-rate="1" complexity="1">
              <lines />
            </method>
            <method name="AssertEquivalencyUsing" signature="(System.Func`2&lt;FluentAssertions.Equivalency.EquivalencyAssertionOptions,FluentAssertions.Equivalency.EquivalencyAssertionOptions&gt;)" line-rate="1" branch-rate="1" complexity="NaN">
              <lines />
            </method>
          </methods>
          <lines />
        </class>
        <class name="FluentAssertions.Collections.CollectionAssertions`2" filename="z:\Builds\work\b7ceef20fdfcf0ee\FluentAssertions.Core\Collections\CollectionAssertions.cs" line-rate="1" branch-rate="1" complexity="NaN">
          <methods>
            <method name="Context" signature="()" line-rate="1" branch-rate="1" complexity="NaN">
              <lines />
            </method>
            <method name="BeEmpty" signature="(System.String,System.Object[])" line-rate="1" branch-rate="1" complexity="NaN">
              <lines />
            </method>
            <method name="NotBeEmpty" signature="(System.String,System.Object[])" line-rate="1" branch-rate="1" complexity="NaN">
              <lines />
            </method>
            <method name="BeNullOrEmpty" signature="(System.String,System.Object[])" line-rate="1" branch-rate="1" complexity="NaN">
              <lines />
            </method>
            <method name="NotBeNullOrEmpty" signature="(System.String,System.Object[])" line-rate="1" branch-rate="1" complexity="NaN">
              <lines />
            </method>
            <method name="OnlyHaveUniqueItems" signature="(System.String,System.Object[])" line-rate="1" branch-rate="1" complexity="NaN">
              <lines />
            </method>
            <method name="NotContainNulls" signature="(System.String,System.Object[])" line-rate="1" branch-rate="1" complexity="NaN">
              <lines />
            </method>
            <method name="Equal" signature="(System.Object[])" line-rate="1" branch-rate="1" complexity="NaN">
              <lines />
            </method>
            <method name="Equal" signature="(System.Collections.IEnumerable,System.String,System.Object[])" line-rate="1" branch-rate="1" complexity="NaN">
              <lines />
            </method>
            <method name="AssertSubjectEquality" signature="(System.Collections.IEnumerable,System.Func`3&lt;T,T,System.Boolean&gt;,System.String,System.Object[])" line-rate="1" branch-rate="1" complexity="NaN">
              <lines />
            </method>
            <method name="AssertCollectionsHaveSameCount" signature="(T[],T[],FluentAssertions.Execution.AssertionScope)" line-rate="1" branch-rate="1" complexity="NaN">
              <lines />
            </method>
            <method name="NotEqual" signature="(System.Collections.IEnumerable,System.String,System.Object[])" line-rate="1" branch-rate="1" complexity="NaN">
              <lines />
            </method>
            <method name="BeEquivalentTo" signature="(System.Object[])" line-rate="1" branch-rate="1" complexity="NaN">
              <lines />
            </method>
            <method name="BeEquivalentTo" signature="(System.Collections.IEnumerable,System.String,System.Object[])" line-rate="1" branch-rate="1" complexity="NaN">
              <lines />
            </method>
            <method name="BeEquivalentTo" signature="(System.Collections.Generic.IEnumerable`1&lt;T&gt;,System.String,System.Object[])" line-rate="1" branch-rate="1" complexity="NaN">
              <lines />
            </method>
            <method name="NotBeEquivalentTo" signature="(System.Collections.IEnumerable,System.String,System.Object[])" line-rate="1" branch-rate="1" complexity="NaN">
              <lines />
            </method>
            <method name="ContainItemsAssignableTo" signature="(System.String,System.Object[])" line-rate="1" branch-rate="1" complexity="NaN">
              <lines />
            </method>
            <method name="GetMissingItems" signature="(System.Collections.Generic.IEnumerable`1&lt;T&gt;,System.Collections.Generic.IEnumerable`1&lt;T&gt;)" line-rate="1" branch-rate="1" complexity="NaN">
              <lines />
            </method>
            <method name="Contain" signature="(System.Collections.IEnumerable,System.String,System.Object[])" line-rate="1" branch-rate="1" complexity="NaN">
              <lines />
            </method>
            <method name="ContainInOrder" signature="(System.Object[])" line-rate="1" branch-rate="1" complexity="NaN">
              <lines />
            </method>
            <method name="ContainInOrder" signature="(System.Collections.IEnumerable,System.String,System.Object[])" line-rate="1" branch-rate="1" complexity="NaN">
              <lines />
            </method>
            <method name="BeInAscendingOrder" signature="(System.String,System.Object[])" line-rate="1" branch-rate="1" complexity="NaN">
              <lines />
            </method>
            <method name="BeInDescendingOrder" signature="(System.String,System.Object[])" line-rate="1" branch-rate="1" complexity="NaN">
              <lines />
            </method>
            <method name="BeInOrder" signature="(FluentAssertions.Collections.SortOrder,System.String,System.Object[])" line-rate="1" branch-rate="1" complexity="NaN">
              <lines />
            </method>
            <method name="NotBeAscendingInOrder" signature="(System.String,System.Object[])" line-rate="1" branch-rate="1" complexity="NaN">
              <lines />
            </method>
            <method name="NotBeDescendingInOrder" signature="(System.String,System.Object[])" line-rate="1" branch-rate="1" complexity="NaN">
              <lines />
            </method>
            <method name="NotBeInOrder" signature="(FluentAssertions.Collections.SortOrder,System.String,System.Object[])" line-rate="1" branch-rate="1" complexity="NaN">
              <lines />
            </method>
            <method name="BeSubsetOf" signature="(System.Collections.IEnumerable,System.String,System.Object[])" line-rate="1" branch-rate="1" complexity="NaN">
              <lines />
            </method>
            <method name="NotBeSubsetOf" signature="(System.Collections.IEnumerable,System.String,System.Object[])" line-rate="1" branch-rate="1" complexity="NaN">
              <lines />
            </method>
            <method name="HaveSameCount" signature="(System.Collections.IEnumerable,System.String,System.Object[])" line-rate="1" branch-rate="1" complexity="NaN">
              <lines />
            </method>
            <method name="HaveElementAt" signature="(System.Int32,System.Object,System.String,System.Object[])" line-rate="1" branch-rate="1" complexity="NaN">
              <lines />
            </method>
            <method name="NotContain" signature="(System.Object,System.String,System.Object[])" line-rate="1" branch-rate="1" complexity="NaN">
              <lines />
            </method>
            <method name="IntersectWith" signature="(System.Collections.IEnumerable,System.String,System.Object[])" line-rate="1" branch-rate="1" complexity="NaN">
              <lines />
            </method>
            <method name="NotIntersectWith" signature="(System.Collections.IEnumerable,System.String,System.Object[])" line-rate="1" branch-rate="1" complexity="NaN">
              <lines />
            </method>
            <method name="StartWith" signature="(System.Object,System.String,System.Object[])" line-rate="1" branch-rate="1" complexity="NaN">
              <lines />
            </method>
            <method name="EndWith" signature="(System.Object,System.String,System.Object[])" line-rate="1" branch-rate="1" complexity="NaN">
              <lines />
            </method>
            <method name="HaveElementPreceding" signature="(System.Object,System.Object,System.String,System.Object[])" line-rate="1" branch-rate="1" complexity="NaN">
              <lines />
            </method>
            <method name="HasPredecessor" signature="(System.Object,System.Collections.Generic.IEnumerable`1&lt;System.Object&gt;)" line-rate="1" branch-rate="1" complexity="NaN">
              <lines />
            </method>
            <method name="PredecessorOf" signature="(System.Object,System.Collections.Generic.IEnumerable`1&lt;System.Object&gt;)" line-rate="1" branch-rate="1" complexity="NaN">
              <lines />
            </method>
            <method name="HaveElementSucceeding" signature="(System.Object,System.Object,System.String,System.Object[])" line-rate="1" branch-rate="1" complexity="NaN">
              <lines />
            </method>
            <method name="HasSuccessor" signature="(System.Object,System.Collections.Generic.IEnumerable`1&lt;System.Object&gt;)" line-rate="1" branch-rate="1" complexity="NaN">
              <lines />
            </method>
            <method name="SuccessorOf" signature="(System.Object,System.Collections.Generic.IEnumerable`1&lt;System.Object&gt;)" line-rate="1" branch-rate="1" complexity="NaN">
              <lines />
            </method>
          </methods>
          <lines />
        </class>
        <class name="FluentAssertions.Collections.GenericCollectionAssertions`1" filename="z:\Builds\work\b7ceef20fdfcf0ee\FluentAssertions.Core\Collections\GenericCollectionAssertions.cs" line-rate="1" branch-rate="1" complexity="NaN">
          <methods>
            <method name=".ctor" signature="(System.Collections.Generic.IEnumerable`1&lt;T&gt;)" line-rate="1" branch-rate="1" complexity="NaN">
              <lines />
            </method>
            <method name="BeInAscendingOrder" signature="(System.Linq.Expressions.Expression`1&lt;System.Func`2&lt;T,System.Object&gt;&gt;,System.String,System.Object[])" line-rate="1" branch-rate="1" complexity="NaN">
              <lines />
            </method>
            <method name="BeInDescendingOrder" signature="(System.Linq.Expressions.Expression`1&lt;System.Func`2&lt;T,System.Object&gt;&gt;,System.String,System.Object[])" line-rate="1" branch-rate="1" complexity="NaN">
              <lines />
            </method>
            <method name="BeOrderedBy" signature="(System.Linq.Expressions.Expression`1&lt;System.Func`2&lt;T,System.Object&gt;&gt;,FluentAssertions.Collections.GenericCollectionAssertions`1/SortDirection&lt;T&gt;,System.String,System.Object[])" line-rate="1" branch-rate="1" complexity="NaN">
              <lines />
            </method>
            <method name="IsValidProperty" signature="(System.Linq.Expressions.Expression`1&lt;System.Func`2&lt;T,System.Object&gt;&gt;,System.String,System.Object[])" line-rate="1" branch-rate="1" complexity="NaN">
              <lines />
            </method>
          </methods>
          <lines />
        </class>
        <class name="FluentAssertions.Collections.GenericDictionaryAssertions`2" filename="z:\Builds\work\b7ceef20fdfcf0ee\FluentAssertions.Core\Collections\GenericDictionaryAssertions.cs" line-rate="1" branch-rate="1" complexity="NaN">
          <methods>
            <method name="Context" signature="()" line-rate="1" branch-rate="1" complexity="NaN">
              <lines />
            </method>
            <method name=".ctor" signature="(System.Collections.Generic.IDictionary`2&lt;TKey,TValue&gt;)" line-rate="1" branch-rate="1" complexity="NaN">
              <lines />
            </method>
            <method name="HaveCount" signature="(System.Int32,System.String,System.Object[])" line-rate="1" branch-rate="1" complexity="NaN">
              <lines />
            </method>
            <method name="HaveCount" signature="(System.Linq.Expressions.Expression`1&lt;System.Func`2&lt;System.Int32,System.Boolean&gt;&gt;,System.String,System.Object[])" line-rate="1" branch-rate="1" complexity="NaN">
              <lines />
            </method>
            <method name="BeEmpty" signature="(System.String,System.Object[])" line-rate="1" branch-rate="1" complexity="NaN">
              <lines />
            </method>
            <method name="NotBeEmpty" signature="(System.String,System.Object[])" line-rate="1" branch-rate="1" complexity="NaN">
              <lines />
            </method>
            <method name="Equal" signature="(System.Collections.Generic.IDictionary`2&lt;TKey,TValue&gt;,System.String,System.Object[])" line-rate="1" branch-rate="1" complexity="NaN">
              <lines />
            </method>
            <method name="NotEqual" signature="(System.Collections.Generic.IDictionary`2&lt;TKey,TValue&gt;,System.String,System.Object[])" line-rate="1" branch-rate="1" complexity="NaN">
              <lines />
            </method>
            <method name="ContainKey" signature="(TKey,System.String,System.Object[])" line-rate="1" branch-rate="1" complexity="NaN">
              <lines />
            </method>
            <method name="ContainKeys" signature="(TKey[])" line-rate="1" branch-rate="1" complexity="NaN">
              <lines />
            </method>
            <method name="ContainKeys" signature="(System.Collections.Generic.IEnumerable`1&lt;TKey&gt;,System.String,System.Object[])" line-rate="1" branch-rate="1" complexity="NaN">
              <lines />
            </method>
            <method name="NotContainKey" signature="(TKey,System.String,System.Object[])" line-rate="1" branch-rate="1" complexity="NaN">
              <lines />
            </method>
            <method name="ContainValue" signature="(TValue,System.String,System.Object[])" line-rate="1" branch-rate="1" complexity="NaN">
              <lines />
            </method>
            <method name="ContainValues" signature="(TValue[])" line-rate="1" branch-rate="1" complexity="NaN">
              <lines />
            </method>
            <method name="ContainValues" signature="(System.Collections.Generic.IEnumerable`1&lt;TValue&gt;,System.String,System.Object[])" line-rate="1" branch-rate="1" complexity="NaN">
              <lines />
            </method>
            <method name="ContainValuesAndWhich" signature="(System.Collections.Generic.IEnumerable`1&lt;TValue&gt;,System.String,System.Object[])" line-rate="1" branch-rate="1" complexity="NaN">
              <lines />
            </method>
            <method name="RepetitionPreservingIntersect" signature="(System.Collections.Generic.IEnumerable`1&lt;TValue&gt;,System.Collections.Generic.IEnumerable`1&lt;TValue&gt;)" line-rate="1" branch-rate="1" complexity="NaN">
              <lines />
            </method>
            <method name="NotContainValue" signature="(TValue,System.String,System.Object[])" line-rate="1" branch-rate="1" complexity="NaN">
              <lines />
            </method>
            <method name="Contain" signature="(System.Collections.Generic.KeyValuePair`2&lt;TKey,TValue&gt;,System.String,System.Object[])" line-rate="1" branch-rate="1" complexity="NaN">
              <lines />
            </method>
            <method name="Contain" signature="(TKey,TValue,System.String,System.Object[])" line-rate="1" branch-rate="1" complexity="NaN">
              <lines />
            </method>
            <method name="NotContain" signature="(System.Collections.Generic.KeyValuePair`2&lt;TKey,TValue&gt;,System.String,System.Object[])" line-rate="1" branch-rate="1" complexity="NaN">
              <lines />
            </method>
            <method name="NotContain" signature="(TKey,TValue,System.String,System.Object[])" line-rate="1" branch-rate="1" complexity="NaN">
              <lines />
            </method>
          </methods>
          <lines />
        </class>
        <class name="FluentAssertions.Collections.NonGenericCollectionAssertions" filename="z:\Builds\work\b7ceef20fdfcf0ee\FluentAssertions.Core\Collections\NonGenericCollectionAssertions.cs" line-rate="1" branch-rate="1" complexity="2">
          <methods>
            <method name=".ctor" signature="(System.Collections.IEnumerable)" line-rate="1" branch-rate="1" complexity="NaN">
              <lines />
            </method>
            <method name="HaveCount" signature="(System.Int32,System.String,System.Object[])" line-rate="1" branch-rate="1" complexity="NaN">
              <lines />
            </method>
            <method name="HaveCount" signature="(System.Linq.Expressions.Expression`1&lt;System.Func`2&lt;System.Int32,System.Boolean&gt;&gt;,System.String,System.Object[])" line-rate="1" branch-rate="1" complexity="NaN">
              <lines />
            </method>
            <method name="GetMostLocalCount" signature="()" line-rate="1" branch-rate="1" complexity="2">
              <lines />
            </method>
            <method name="Contain" signature="(System.Object,System.String,System.Object[])" line-rate="1" branch-rate="1" complexity="NaN">
              <lines />
            </method>
          </methods>
          <lines />
        </class>
        <class name="FluentAssertions.Collections.SelfReferencingCollectionAssertions`2" filename="z:\Builds\work\b7ceef20fdfcf0ee\FluentAssertions.Core\Collections\SelfReferencingCollectionAssertions.cs" line-rate="1" branch-rate="1" complexity="NaN">
          <methods>
            <method name=".ctor" signature="(System.Collections.Generic.IEnumerable`1&lt;T&gt;)" line-rate="1" branch-rate="1" complexity="NaN">
              <lines />
            </method>
            <method name="HaveCount" signature="(System.Int32,System.String,System.Object[])" line-rate="1" branch-rate="1" complexity="NaN">
              <lines />
            </method>
            <method name="HaveCount" signature="(System.Linq.Expressions.Expression`1&lt;System.Func`2&lt;System.Int32,System.Boolean&gt;&gt;,System.String,System.Object[])" line-rate="1" branch-rate="1" complexity="NaN">
              <lines />
            </method>
            <method name="Equal" signature="(T[])" line-rate="1" branch-rate="1" complexity="NaN">
              <lines />
            </method>
            <method name="Equal" signature="(System.Collections.Generic.IEnumerable`1&lt;T&gt;,System.Func`3&lt;T,T,System.Boolean&gt;,System.String,System.Object[])" line-rate="1" branch-rate="1" complexity="NaN">
              <lines />
            </method>
            <method name="Contain" signature="(T,System.String,System.Object[])" line-rate="1" branch-rate="1" complexity="NaN">
              <lines />
            </method>
            <method name="Contain" signature="(System.Collections.Generic.IEnumerable`1&lt;T&gt;,T[])" line-rate="1" branch-rate="1" complexity="NaN">
              <lines />
            </method>
            <method name="Contain" signature="(System.Linq.Expressions.Expression`1&lt;System.Func`2&lt;T,System.Boolean&gt;&gt;,System.String,System.Object[])" line-rate="1" branch-rate="1" complexity="NaN">
              <lines />
            </method>
            <method name="OnlyContain" signature="(System.Linq.Expressions.Expression`1&lt;System.Func`2&lt;T,System.Boolean&gt;&gt;,System.String,System.Object[])" line-rate="1" branch-rate="1" complexity="NaN">
              <lines />
            </method>
            <method name="NotContain" signature="(System.Linq.Expressions.Expression`1&lt;System.Func`2&lt;T,System.Boolean&gt;&gt;,System.String,System.Object[])" line-rate="1" branch-rate="1" complexity="NaN">
              <lines />
            </method>
            <method name="ContainSingle" signature="(System.String,System.Object[])" line-rate="1" branch-rate="1" complexity="NaN">
              <lines />
            </method>
            <method name="ContainSingle" signature="(System.Linq.Expressions.Expression`1&lt;System.Func`2&lt;T,System.Boolean&gt;&gt;,System.String,System.Object[])" line-rate="1" branch-rate="1" complexity="NaN">
              <lines />
            </method>
          </methods>
          <lines />
        </class>
        <class name="FluentAssertions.Collections.StringCollectionAssertions" filename="z:\Builds\work\b7ceef20fdfcf0ee\FluentAssertions.Core\Collections\StringCollectionAssertions.cs" line-rate="1" branch-rate="1" complexity="NaN">
          <methods>
            <method name=".ctor" signature="(System.Collections.Generic.IEnumerable`1&lt;System.String&gt;)" line-rate="1" branch-rate="1" complexity="NaN">
              <lines />
            </method>
            <method name="Equal" signature="(System.String[])" line-rate="1" branch-rate="1" complexity="NaN">
              <lines />
            </method>
            <method name="Equal" signature="(System.Collections.Generic.IEnumerable`1&lt;System.String&gt;)" line-rate="1" branch-rate="1" complexity="NaN">
              <lines />
            </method>
            <method name="BeEquivalentTo" signature="(System.String[])" line-rate="1" branch-rate="1" complexity="NaN">
              <lines />
            </method>
            <method name="BeEquivalentTo" signature="(System.Collections.Generic.IEnumerable`1&lt;System.String&gt;,System.String,System.Object[])" line-rate="1" branch-rate="1" complexity="NaN">
              <lines />
            </method>
            <method name="ContainInOrder" signature="(System.String[])" line-rate="1" branch-rate="1" complexity="NaN">
              <lines />
            </method>
            <method name="ContainInOrder" signature="(System.Collections.Generic.IEnumerable`1&lt;System.String&gt;,System.String,System.Object[])" line-rate="1" branch-rate="1" complexity="NaN">
              <lines />
            </method>
            <method name="Contain" signature="(System.Collections.Generic.IEnumerable`1&lt;System.String&gt;)" line-rate="1" branch-rate="1" complexity="NaN">
              <lines />
            </method>
            <method name="Contain" signature="(System.Collections.Generic.IEnumerable`1&lt;System.String&gt;,System.String,System.Object,System.Object[])" line-rate="1" branch-rate="1" complexity="NaN">
              <lines />
            </method>
            <method name="Contain" signature="(System.Collections.Generic.IEnumerable`1&lt;System.String&gt;,System.String)" line-rate="1" branch-rate="1" complexity="NaN">
              <lines />
            </method>
            <method name="Contain" signature="(System.Collections.Generic.IEnumerable`1&lt;System.String&gt;,System.Collections.Generic.IEnumerable`1&lt;System.String&gt;)" line-rate="1" branch-rate="1" complexity="NaN">
              <lines />
            </method>
          </methods>
          <lines />
        </class>
        <class name="FluentAssertions.Collections.WhichValueConstraint`2" filename="z:\Builds\work\b7ceef20fdfcf0ee\FluentAssertions.Core\Collections\WhichValueConstraint.cs" line-rate="1" branch-rate="1" complexity="NaN">
          <methods>
            <method name=".ctor" signature="(FluentAssertions.Collections.GenericDictionaryAssertions`2&lt;TKey,TValue&gt;,TValue)" line-rate="1" branch-rate="1" complexity="NaN">
              <lines />
            </method>
          </methods>
          <lines />
        </class>
        <class name="FluentAssertions.Common.Configuration" filename="z:\Builds\work\b7ceef20fdfcf0ee\FluentAssertions.Core\Common\Configuration.cs" line-rate="1" branch-rate="1" complexity="3">
          <methods>
            <method name="Current" signature="()" line-rate="1" branch-rate="1" complexity="NaN">
              <lines />
            </method>
            <method name="ValueFormatterDetectionMode" signature="()" line-rate="1" branch-rate="1" complexity="NaN">
              <lines />
            </method>
            <method name="ValueFormatterDetectionMode" signature="(FluentAssertions.Common.ValueFormatterDetectionMode)" line-rate="1" branch-rate="1" complexity="NaN">
              <lines />
            </method>
            <method name="ValueFormatterAssembly" signature="()" line-rate="1" branch-rate="1" complexity="NaN">
              <lines />
            </method>
            <method name="ValueFormatterAssembly" signature="(System.String)" line-rate="1" branch-rate="1" complexity="NaN">
              <lines />
            </method>
            <method name=".ctor" signature="(FluentAssertions.Common.IConfigurationStore)" line-rate="1" branch-rate="1" complexity="NaN">
              <lines />
            </method>
            <method name="DetermineFormatterDetectionMode" signature="()" line-rate="1" branch-rate="1" complexity="3">
              <lines />
            </method>
          </methods>
          <lines />
        </class>
        <class name="FluentAssertions.Common.DateTimeExtensions" filename="z:\Builds\work\b7ceef20fdfcf0ee\FluentAssertions.Core\Common\DateTimeExtensions.cs" line-rate="1" branch-rate="1" complexity="NaN">
          <methods>
            <method name="ToDateTimeOffset" signature="(System.DateTime)" line-rate="1" branch-rate="1" complexity="NaN">
              <lines />
            </method>
          </methods>
          <lines />
        </class>
        <class name="FluentAssertions.Common.ExpressionExtensions" filename="z:\Builds\work\b7ceef20fdfcf0ee\FluentAssertions.Core\Common\ExpressionExtensions.cs" line-rate="1" branch-rate="1" complexity="NaN">
          <methods>
            <method name="GetSelectedMemberInfo" signature="(System.Linq.Expressions.Expression`1&lt;System.Func`2&lt;T,TValue&gt;&gt;)" line-rate="1" branch-rate="1" complexity="NaN">
              <lines />
            </method>
            <method name="GetPropertyInfo" signature="(System.Linq.Expressions.Expression`1&lt;System.Func`2&lt;T,TValue&gt;&gt;)" line-rate="1" branch-rate="1" complexity="NaN">
              <lines />
            </method>
            <method name="AttemptToGetMemberInfoFromMemberExpression" signature="(System.Linq.Expressions.Expression`1&lt;System.Func`2&lt;T,TValue&gt;&gt;)" line-rate="1" branch-rate="1" complexity="NaN">
              <lines />
            </method>
            <method name="AttemptToGetMemberInfoFromCastExpression" signature="(System.Linq.Expressions.Expression`1&lt;System.Func`2&lt;T,TValue&gt;&gt;)" line-rate="1" branch-rate="1" complexity="NaN">
              <lines />
            </method>
            <method name="GetMemberPath" signature="(System.Linq.Expressions.Expression`1&lt;System.Func`2&lt;TDeclaringType,TPropertyType&gt;&gt;)" line-rate="1" branch-rate="1" complexity="NaN">
              <lines />
            </method>
            <method name="GetPropertyPath" signature="(System.Linq.Expressions.Expression`1&lt;System.Func`2&lt;TDeclaringType,TPropertyType&gt;&gt;)" line-rate="1" branch-rate="1" complexity="NaN">
              <lines />
            </method>
            <method name="GetMethodName" signature="(System.Linq.Expressions.Expression`1&lt;System.Action&gt;)" line-rate="1" branch-rate="1" complexity="NaN">
              <lines />
            </method>
          </methods>
          <lines />
        </class>
        <class name="FluentAssertions.Common.NullConfigurationStore" filename="z:\Builds\work\b7ceef20fdfcf0ee\FluentAssertions.Core\Common\NullConfigurationStore.cs" line-rate="1" branch-rate="1" complexity="NaN">
          <methods>
            <method name="GetSetting" signature="(System.String)" line-rate="1" branch-rate="1" complexity="NaN">
              <lines />
            </method>
          </methods>
          <lines />
        </class>
        <class name="FluentAssertions.Common.NullReflector" filename="z:\Builds\work\b7ceef20fdfcf0ee\FluentAssertions.Core\Common\NullReflector.cs" line-rate="1" branch-rate="1" complexity="NaN">
          <methods>
            <method name="GetAllTypesFromAppDomain" signature="(System.Func`2&lt;System.Reflection.Assembly,System.Boolean&gt;)" line-rate="1" branch-rate="1" complexity="NaN">
              <lines />
            </method>
          </methods>
          <lines />
        </class>
        <class name="FluentAssertions.Common.ObjectExtensions" filename="z:\Builds\work\b7ceef20fdfcf0ee\FluentAssertions.Core\Common\ObjectExtensions.cs" line-rate="1" branch-rate="1" complexity="NaN">
          <methods>
            <method name="IsSameOrEqualTo" signature="(System.Object,System.Object)" line-rate="1" branch-rate="1" complexity="NaN">
              <lines />
            </method>
          </methods>
          <lines />
        </class>
        <class name="FluentAssertions.Common.PlatformAdapter" filename="z:\Builds\work\b7ceef20fdfcf0ee\FluentAssertions.Core\Common\PlatformAdapter.cs" line-rate="1" branch-rate="1" complexity="3">
          <methods>
            <method name="Resolve" signature="()" line-rate="1" branch-rate="1" complexity="2">
              <lines />
            </method>
            <method name=".cctor" signature="()" line-rate="1" branch-rate="1" complexity="1">
              <lines />
            </method>
          </methods>
          <lines />
        </class>
        <class name="FluentAssertions.Common.ProbingAdapterResolver" filename="z:\Builds\work\b7ceef20fdfcf0ee\FluentAssertions.Core\Common\ProbingAdapterResolver.cs" line-rate="1" branch-rate="1" complexity="5">
          <methods>
            <method name=".ctor" signature="()" line-rate="1" branch-rate="1" complexity="1">
              <lines />
            </method>
            <method name=".ctor" signature="(System.Func`2&lt;System.String,System.Reflection.Assembly&gt;)" line-rate="1" branch-rate="1" complexity="NaN">
              <lines />
            </method>
            <method name="Resolve" signature="(System.Type)" line-rate="1" branch-rate="1" complexity="NaN">
              <lines />
            </method>
            <method name="ResolveAdapter" signature="(System.Reflection.Assembly,System.Type)" line-rate="1" branch-rate="1" complexity="NaN">
              <lines />
            </method>
            <method name="MakeAdapterTypeName" signature="(System.Type)" line-rate="1" branch-rate="1" complexity="NaN">
              <lines />
            </method>
            <method name="GetPlatformSpecificAssembly" signature="()" line-rate="1" branch-rate="1" complexity="3">
              <lines />
            </method>
            <method name="ProbeForPlatformSpecificAssembly" signature="()" line-rate="1" branch-rate="1" complexity="1">
              <lines />
            </method>
          </methods>
          <lines />
        </class>
        <class name="FluentAssertions.Common.Services" filename="z:\Builds\work\b7ceef20fdfcf0ee\FluentAssertions.Core\Common\Services.cs" line-rate="1" branch-rate="1" complexity="8">
          <methods>
            <method name="ConfigurationStore" signature="()" line-rate="1" branch-rate="1" complexity="NaN">
              <lines />
            </method>
            <method name="ConfigurationStore" signature="(FluentAssertions.Common.IConfigurationStore)" line-rate="1" branch-rate="1" complexity="NaN">
              <lines />
            </method>
            <method name="Configuration" signature="()" line-rate="1" branch-rate="1" complexity="NaN">
              <lines />
            </method>
            <method name="ThrowException" signature="()" line-rate="1" branch-rate="1" complexity="NaN">
              <lines />
            </method>
            <method name="ThrowException" signature="(System.Action`1&lt;System.String&gt;)" line-rate="1" branch-rate="1" complexity="NaN">
              <lines />
            </method>
            <method name="Reflector" signature="()" line-rate="1" branch-rate="1" complexity="NaN">
              <lines />
            </method>
            <method name="Reflector" signature="(FluentAssertions.Common.IReflector)" line-rate="1" branch-rate="1" complexity="NaN">
              <lines />
            </method>
            <method name="Initialize" signature="()" line-rate="1" branch-rate="1" complexity="6">
              <lines />
            </method>
            <method name="ResetToDefaults" signature="()" line-rate="1" branch-rate="1" complexity="1">
              <lines />
            </method>
            <method name=".cctor" signature="()" line-rate="1" branch-rate="1" complexity="1">
              <lines />
            </method>
          </methods>
          <lines />
        </class>
        <class name="FluentAssertions.Common.StringExtensions" filename="z:\Builds\work\b7ceef20fdfcf0ee\FluentAssertions.Core\Common\StringExtensions.cs" line-rate="1" branch-rate="1" complexity="NaN">
          <methods>
            <method name="IndexOfFirstMismatch" signature="(System.String,System.String)" line-rate="1" branch-rate="1" complexity="NaN">
              <lines />
            </method>
            <method name="IndexOfFirstMismatch" signature="(System.String,System.String,System.StringComparison)" line-rate="1" branch-rate="1" complexity="NaN">
              <lines />
            </method>
            <method name="IndexedSegmentAt" signature="(System.String,System.Int32)" line-rate="1" branch-rate="1" complexity="NaN">
              <lines />
            </method>
            <method name="Escape" signature="(System.String)" line-rate="1" branch-rate="1" complexity="NaN">
              <lines />
            </method>
            <method name="Combine" signature="(System.String,System.String,System.String)" line-rate="1" branch-rate="1" complexity="NaN">
              <lines />
            </method>
            <method name="Capitalize" signature="(System.String)" line-rate="1" branch-rate="1" complexity="NaN">
              <lines />
            </method>
            <method name="RemoveNewLines" signature="(System.String)" line-rate="1" branch-rate="1" complexity="NaN">
              <lines />
            </method>
          </methods>
          <lines />
        </class>
        <class name="FluentAssertions.Common.TypeExtensions" filename="z:\Builds\work\b7ceef20fdfcf0ee\FluentAssertions.Core\Common\TypeExtensions.cs" line-rate="1" branch-rate="1" complexity="NaN">
          <methods>
            <method name="HasAttribute" signature="(System.Reflection.MemberInfo)" line-rate="1" branch-rate="1" complexity="NaN">
              <lines />
            </method>
            <method name="HasMatchingAttribute" signature="(System.Reflection.MemberInfo,System.Linq.Expressions.Expression`1&lt;System.Func`2&lt;TAttribute,System.Boolean&gt;&gt;)" line-rate="1" branch-rate="1" complexity="NaN">
              <lines />
            </method>
            <method name="IsDecoratedWith" signature="(System.Reflection.MemberInfo)" line-rate="1" branch-rate="1" complexity="NaN">
              <lines />
            </method>
            <method name="GetCustomAttributes" signature="(System.Reflection.MemberInfo)" line-rate="1" branch-rate="1" complexity="NaN">
              <lines />
            </method>
            <method name="IsEquivalentTo" signature="(FluentAssertions.Equivalency.SelectedMemberInfo,FluentAssertions.Equivalency.SelectedMemberInfo)" line-rate="1" branch-rate="1" complexity="NaN">
              <lines />
            </method>
            <method name="IsSameOrInherits" signature="(System.Type,System.Type)" line-rate="1" branch-rate="1" complexity="NaN">
              <lines />
            </method>
            <method name="Implements" signature="(System.Type)" line-rate="1" branch-rate="1" complexity="NaN">
              <lines />
            </method>
            <method name="Implements" signature="(System.Type,System.Type)" line-rate="1" branch-rate="1" complexity="NaN">
              <lines />
            </method>
            <method name="GetClosedGenericInterfaces" signature="(System.Type,System.Type)" line-rate="1" branch-rate="1" complexity="NaN">
              <lines />
            </method>
            <method name="IsComplexType" signature="(System.Type)" line-rate="1" branch-rate="1" complexity="NaN">
              <lines />
            </method>
            <method name="HasProperties" signature="(System.Type)" line-rate="1" branch-rate="1" complexity="NaN">
              <lines />
            </method>
            <method name="FindMember" signature="(System.Type,System.String,System.Type)" line-rate="1" branch-rate="1" complexity="NaN">
              <lines />
            </method>
            <method name="FindProperty" signature="(System.Type,System.String,System.Type)" line-rate="1" branch-rate="1" complexity="NaN">
              <lines />
            </method>
            <method name="FindField" signature="(System.Type,System.String,System.Type)" line-rate="1" branch-rate="1" complexity="NaN">
              <lines />
            </method>
            <method name="GetNonPrivateMembers" signature="(System.Type)" line-rate="1" branch-rate="1" complexity="NaN">
[...]
              </lines>
            </method>
            <method name="AfterTest" signature="(NUnit.Framework.TestDetails)" line-rate="0" branch-rate="1" complexity="NaN">
              <lines>
                <line number="20" hits="0" branch="false" />
                <line number="21" hits="0" branch="false" />
                <line number="22" hits="0" branch="false" />
              </lines>
            </method>
            <method name="BeforeTest" signature="(NUnit.Framework.TestDetails)" line-rate="0" branch-rate="1" complexity="NaN">
              <lines>
                <line number="25" hits="0" branch="false" />
                <line number="26" hits="0" branch="false" />
                <line number="27" hits="0" branch="false" />
              </lines>
            </method>
          </methods>
          <lines>
            <line number="16" hits="0" branch="false" />
            <line number="20" hits="0" branch="false" />
            <line number="21" hits="0" branch="false" />
            <line number="22" hits="0" branch="false" />
            <line number="25" hits="0" branch="false" />
            <line number="26" hits="0" branch="false" />
            <line number="27" hits="0" branch="false" />
          </lines>
        </class>
        <class name="GigHub.IntegrationTests.UnitTest1" filename="D:\Documents\Projects\GigHub\GigHub.IntegrationTests\UnitTest1.cs" line-rate="0" branch-rate="1" complexity="1">
          <methods>
            <method name="TestMethod1" signature="()" line-rate="0" branch-rate="1" complexity="1">
              <lines>
                <line number="12" hits="0" branch="false" />
                <line number="13" hits="0" branch="false" />
              </lines>
            </method>
          </methods>
          <lines>
            <line number="12" hits="0" branch="false" />
            <line number="13" hits="0" branch="false" />
          </lines>
        </class>
      </classes>
    </package>
    <package name="GigHub.Tests" line-rate="1" branch-rate="1" complexity="17">
      <classes>
        <class name="GigHub.Tests.Controllers.Api.AttendancesControllerTests" filename="D:\Documents\Projects\GigHub\GigHub.Tests\Controllers\Api\AttendancesControllerTests.cs" line-rate="1" branch-rate="1" complexity="6">
          <methods>
            <method name="TestInitialize" signature="()" line-rate="1" branch-rate="1" complexity="1">
              <lines>
                <line number="24" hits="5" branch="false" />
                <line number="25" hits="5" branch="false" />
                <line number="26" hits="5" branch="false" />
                <line number="27" hits="5" branch="false" />
                <line number="28" hits="5" branch="false" />
                <line number="30" hits="5" branch="false" />
                <line number="31" hits="5" branch="false" />
                <line number="32" hits="5" branch="false" />
              </lines>
            </method>
            <method name="Attend_UserAttendingAGigForWhichHeHasAnAttendance_ShouldReturnBadRequest" signature="()" line-rate="1" branch-rate="1" complexity="1">
              <lines>
                <line number="36" hits="1" branch="false" />
                <line number="37" hits="1" branch="false" />
                <line number="38" hits="1" branch="false" />
                <line number="40" hits="1" branch="false" />
                <line number="42" hits="1" branch="false" />
                <line number="43" hits="1" branch="false" />
              </lines>
            </method>
            <method name="Attend_ValidTest_ShouldReturnOk" signature="()" line-rate="1" branch-rate="1" complexity="1">
              <lines>
                <line number="47" hits="1" branch="false" />
                <line number="48" hits="1" branch="false" />
                <line number="50" hits="1" branch="false" />
                <line number="51" hits="1" branch="false" />
              </lines>
            </method>
            <method name="Delete_NoAttendanceWithGivenIdExist_ShouldReturnNotFound" signature="()" line-rate="1" branch-rate="1" complexity="1">
              <lines>
                <line number="55" hits="1" branch="false" />
                <line number="56" hits="1" branch="false" />
                <line number="58" hits="1" branch="false" />
                <line number="59" hits="1" branch="false" />
              </lines>
            </method>
            <method name="Delete_ValidTest_ShouldReturnOk" signature="()" line-rate="1" branch-rate="1" complexity="1">
              <lines>
                <line number="63" hits="1" branch="false" />
                <line number="64" hits="1" branch="false" />
                <line number="65" hits="1" branch="false" />
                <line number="67" hits="1" branch="false" />
                <line number="68" hits="1" branch="false" />
                <line number="69" hits="1" branch="false" />
              </lines>
            </method>
            <method name="Delete_ValidRequest_ShouldReturnTheIdOfDeletedAttendance" signature="()" line-rate="1" branch-rate="1" complexity="1">
              <lines>
                <line number="73" hits="1" branch="false" />
                <line number="74" hits="1" branch="false" />
                <line number="75" hits="1" branch="false" />
                <line number="77" hits="1" branch="false" />
                <line number="78" hits="1" branch="false" />
                <line number="79" hits="1" branch="false" />
              </lines>
            </method>
          </methods>
          <lines>
            <line number="24" hits="5" branch="false" />
            <line number="25" hits="5" branch="false" />
            <line number="26" hits="5" branch="false" />
            <line number="27" hits="5" branch="false" />
            <line number="28" hits="5" branch="false" />
            <line number="30" hits="5" branch="false" />
            <line number="31" hits="5" branch="false" />
            <line number="32" hits="5" branch="false" />
            <line number="36" hits="1" branch="false" />
            <line number="37" hits="1" branch="false" />
            <line number="38" hits="1" branch="false" />
            <line number="40" hits="1" branch="false" />
            <line number="42" hits="1" branch="false" />
            <line number="43" hits="1" branch="false" />
            <line number="47" hits="1" branch="false" />
            <line number="48" hits="1" branch="false" />
            <line number="50" hits="1" branch="false" />
            <line number="51" hits="1" branch="false" />
            <line number="55" hits="1" branch="false" />
            <line number="56" hits="1" branch="false" />
            <line number="58" hits="1" branch="false" />
            <line number="59" hits="1" branch="false" />
            <line number="63" hits="1" branch="false" />
            <line number="64" hits="1" branch="false" />
            <line number="65" hits="1" branch="false" />
            <line number="67" hits="1" branch="false" />
            <line number="68" hits="1" branch="false" />
            <line number="69" hits="1" branch="false" />
            <line number="73" hits="1" branch="false" />
            <line number="74" hits="1" branch="false" />
            <line number="75" hits="1" branch="false" />
            <line number="77" hits="1" branch="false" />
            <line number="78" hits="1" branch="false" />
            <line number="79" hits="1" branch="false" />
          </lines>
        </class>
        <class name="GigHub.Tests.Controllers.Api.GigsControllerTests" filename="D:\Documents\Projects\GigHub\GigHub.Tests\Controllers\Api\GigsControllerTests.cs" line-rate="1" branch-rate="1" complexity="4">
          <methods>
            <method name="TestInitialize" signature="()" line-rate="1" branch-rate="1" complexity="1">
              <lines>
                <line number="25" hits="3" branch="false" />
                <line number="26" hits="3" branch="false" />
                <line number="28" hits="3" branch="false" />
                <line number="29" hits="3" branch="false" />
                <line number="30" hits="3" branch="false" />
                <line number="31" hits="3" branch="false" />
                <line number="32" hits="3" branch="false" />
                <line number="33" hits="3" branch="false" />
              </lines>
            </method>
            <method name="Cancel_NoGigWithGivenIdExist_ShouldReturnNotFound" signature="()" line-rate="1" branch-rate="1" complexity="1">
              <lines>
                <line number="37" hits="1" branch="false" />
                <line number="38" hits="1" branch="false" />
                <line number="39" hits="1" branch="false" />
                <line number="40" hits="1" branch="false" />
              </lines>
            </method>
            <method name="Cancel_GigIsCanceled_ShouldReturnNotFound" signature="()" line-rate="1" branch-rate="1" complexity="1">
              <lines>
                <line number="44" hits="1" branch="false" />
                <line number="45" hits="1" branch="false" />
                <line number="46" hits="1" branch="false" />
                <line number="48" hits="1" branch="false" />
                <line number="50" hits="1" branch="false" />
                <line number="51" hits="1" branch="false" />
                <line number="52" hits="1" branch="false" />
              </lines>
            </method>
            <method name="Cancel_UserCancelingAnotherUsersGig_ShouldReturnUnauthorized" signature="()" line-rate="1" branch-rate="1" complexity="1">
              <lines>
                <line number="56" hits="1" branch="false" />
                <line number="57" hits="1" branch="false" />
                <line number="59" hits="1" branch="false" />
                <line number="61" hits="1" branch="false" />
                <line number="62" hits="1" branch="false" />
                <line number="63" hits="1" branch="false" />
              </lines>
            </method>
          </methods>
          <lines>
            <line number="25" hits="3" branch="false" />
            <line number="26" hits="3" branch="false" />
            <line number="28" hits="3" branch="false" />
            <line number="29" hits="3" branch="false" />
            <line number="30" hits="3" branch="false" />
            <line number="31" hits="3" branch="false" />
            <line number="32" hits="3" branch="false" />
            <line number="33" hits="3" branch="false" />
            <line number="37" hits="1" branch="false" />
            <line number="38" hits="1" branch="false" />
            <line number="39" hits="1" branch="false" />
            <line number="40" hits="1" branch="false" />
            <line number="44" hits="1" branch="false" />
            <line number="45" hits="1" branch="false" />
            <line number="46" hits="1" branch="false" />
            <line number="48" hits="1" branch="false" />
            <line number="50" hits="1" branch="false" />
            <line number="51" hits="1" branch="false" />
            <line number="52" hits="1" branch="false" />
            <line number="56" hits="1" branch="false" />
            <line number="57" hits="1" branch="false" />
            <line number="59" hits="1" branch="false" />
            <line number="61" hits="1" branch="false" />
            <line number="62" hits="1" branch="false" />
            <line number="63" hits="1" branch="false" />
          </lines>
        </class>
        <class name="GigHub.Tests.Extensions.ApiControllerExtensions" filename="D:\Documents\Projects\GigHub\GigHub.Tests\Extensions\ApiControllerExtensions.cs" line-rate="1" branch-rate="1" complexity="NaN">
          <methods>
            <method name="MockCurrentUser" signature="(System.Web.Http.ApiController,System.String,System.String)" line-rate="1" branch-rate="1" complexity="NaN">
              <lines>
                <line number="15" hits="8" branch="false" />
                <line number="16" hits="8" branch="false" />
                <line number="17" hits="8" branch="false" />
                <line number="18" hits="8" branch="false" />
                <line number="19" hits="8" branch="false" />
                <line number="20" hits="8" branch="false" />
                <line number="21" hits="8" branch="false" />
                <line number="22" hits="8" branch="false" />
                <line number="24" hits="8" branch="false" />
                <line number="26" hits="8" branch="false" />
                <line number="27" hits="8" branch="false" />
              </lines>
            </method>
          </methods>
          <lines>
            <line number="15" hits="8" branch="false" />
            <line number="16" hits="8" branch="false" />
            <line number="17" hits="8" branch="false" />
            <line number="18" hits="8" branch="false" />
            <line number="19" hits="8" branch="false" />
            <line number="20" hits="8" branch="false" />
            <line number="21" hits="8" branch="false" />
            <line number="22" hits="8" branch="false" />
            <line number="24" hits="8" branch="false" />
            <line number="26" hits="8" branch="false" />
            <line number="27" hits="8" branch="false" />
          </lines>
        </class>
        <class name="GigHub.Tests.Extensions.MockDbSetExtensions" filename="D:\Documents\Projects\GigHub\GigHub.Tests\Extensions\MockDbSetExtensions.cs" line-rate="1" branch-rate="1" complexity="NaN">
          <methods>
            <method name="SetSource" signature="(Moq.Mock`1&lt;System.Data.Entity.DbSet`1&lt;T&gt;&gt;,System.Collections.Generic.IList`1&lt;T&gt;)" line-rate="1" branch-rate="1" complexity="NaN">
              <lines>
                <line number="14" hits="4" branch="false" />
                <line number="15" hits="4" branch="false" />
                <line number="17" hits="4" branch="false" />
                <line number="18" hits="4" branch="false" />
                <line number="19" hits="4" branch="false" />
                <line number="20" hits="4" branch="false" />
                <line number="21" hits="4" branch="false" />
              </lines>
            </method>
          </methods>
          <lines>
            <line number="14" hits="4" branch="false" />
            <line number="15" hits="4" branch="false" />
            <line number="17" hits="4" branch="false" />
            <line number="18" hits="4" branch="false" />
            <line number="19" hits="4" branch="false" />
            <line number="20" hits="4" branch="false" />
            <line number="21" hits="4" branch="false" />
          </lines>
        </class>
        <class name="GigHub.Tests.Persistence.Repositories.GigRepositoryTests" filename="D:\Documents\Projects\GigHub\GigHub.Tests\Persistence\Repositories\GigRepositoryTests.cs" line-rate="1" branch-rate="1" complexity="5">
          <methods>
            <method name="TestInitialize" signature="()" line-rate="1" branch-rate="1" complexity="1">
              <lines>
                <line number="22" hits="4" branch="false" />
                <line number="23" hits="4" branch="false" />
                <line number="25" hits="4" branch="false" />
                <line number="26" hits="4" branch="false" />
                <line number="28" hits="4" branch="false" />
                <line number="29" hits="4" branch="false" />
              </lines>
            </method>
            <method name="GetUpcomingGigsByArtist_GigIsInThePast_ShouldNotBeReturned" signature="()" line-rate="1" branch-rate="1" complexity="1">
              <lines>
                <line number="33" hits="1" branch="false" />
                <line number="34" hits="1" branch="false" />
                <line number="35" hits="1" branch="false" />
                <line number="37" hits="1" branch="false" />
                <line number="39" hits="1" branch="false" />
                <line number="40" hits="1" branch="false" />
              </lines>
            </method>
            <method name="GetUpcomingGigByArtist_GigIsCanceled_ShouldNotBeReturned" signature="()" line-rate="1" branch-rate="1" complexity="1">
              <lines>
                <line number="44" hits="1" branch="false" />
                <line number="45" hits="1" branch="false" />
                <line number="46" hits="1" branch="false" />
                <line number="47" hits="1" branch="false" />
                <line number="49" hits="1" branch="false" />
                <line number="51" hits="1" branch="false" />
                <line number="52" hits="1" branch="false" />
              </lines>
            </method>
            <method name="GetUpcomingGigByArtist_GigIsForADifferentArtist_ShouldNotBeReturned" signature="()" line-rate="1" branch-rate="1" complexity="1">
              <lines>
                <line number="56" hits="1" branch="false" />
                <line number="57" hits="1" branch="false" />
                <line number="58" hits="1" branch="false" />
                <line number="60" hits="1" branch="false" />
                <line number="62" hits="1" branch="false" />
                <line number="63" hits="1" branch="false" />
              </lines>
            </method>
            <method name="GetUpcomingGigByArtist_GigIsForTheGivenArtistAndIsInTheFuture_ShouldBeReturned" signature="()" line-rate="1" branch-rate="1" complexity="1">
              <lines>
                <line number="67" hits="1" branch="false" />
                <line number="68" hits="1" branch="false" />
                <line number="69" hits="1" branch="false" />
                <line number="71" hits="1" branch="false" />
                <line number="73" hits="1" branch="false" />
                <line number="74" hits="1" branch="false" />
              </lines>
            </method>
          </methods>
          <lines>
            <line number="22" hits="4" branch="false" />
            <line number="23" hits="4" branch="false" />
            <line number="25" hits="4" branch="false" />
            <line number="26" hits="4" branch="false" />
            <line number="28" hits="4" branch="false" />
            <line number="29" hits="4" branch="false" />
            <line number="33" hits="1" branch="false" />
            <line number="34" hits="1" branch="false" />
            <line number="35" hits="1" branch="false" />
            <line number="37" hits="1" branch="false" />
            <line number="39" hits="1" branch="false" />
            <line number="40" hits="1" branch="false" />
            <line number="44" hits="1" branch="false" />
            <line number="45" hits="1" branch="false" />
            <line number="46" hits="1" branch="false" />
            <line number="47" hits="1" branch="false" />
            <line number="49" hits="1" branch="false" />
            <line number="51" hits="1" branch="false" />
            <line number="52" hits="1" branch="false" />
            <line number="56" hits="1" branch="false" />
            <line number="57" hits="1" branch="false" />
            <line number="58" hits="1" branch="false" />
            <line number="60" hits="1" branch="false" />
            <line number="62" hits="1" branch="false" />
            <line number="63" hits="1" branch="false" />
            <line number="67" hits="1" branch="false" />
            <line number="68" hits="1" branch="false" />
            <line number="69" hits="1" branch="false" />
            <line number="71" hits="1" branch="false" />
            <line number="73" hits="1" branch="false" />
            <line number="74" hits="1" branch="false" />
          </lines>
        </class>
      </classes>
    </package>
  </packages>
</coverage>